| Results: [it, calls, integral, error, chi^2, eff.]
| Results: [it, calls, integral, error, chi^2, eff.]
| 1 450 0.2365449104391900E+0001 0.1272130626444839E-0001 0.0000000000000000E+0000 0.3320994799450910E+0000
| 2 450 0.2364252290806013E+0001 0.8438928040982540E-0002 0.1580692988343868E-0001 0.3330912558780151E+0000
| 3 450 0.2360875109925783E+0001 0.6955253965093476E-0002 0.2496798661124971E+0000 0.3301824719904312E+0000
| Results: [it, calls, integral, error, chi^2, eff.]
| 1 450 0.1603456030960684E+0001 0.1090530658237900E-0001 0.0000000000000000E+0000 0.2283542703951009E+0000
| 2 450 0.1624264710405176E+0001 0.7710012769452029E-0002 0.7279603924005281E+0001 0.2321964854043176E+0000
| 3 450 0.1625461661198882E+0001 0.6465429381420518E-0002 0.4060336100666731E-0001 0.2283815545463423E+0000
| 1 1000 0.1993168385562332E+0001 0.1255995924898704E-0001 0.0000000000000000E+0000 0.2792778174096914E+0000
| Results: [it, calls, integral, error, chi^2, eff.]
| 1 512 0.2043100297017646E+0001 0.9469018126390477E-0002 0.0000000000000000E+0000 0.4199233397637865E+0000
| 2 512 0.2049282076761564E+0001 0.6726694503550193E-0002 0.8604156226165675E+0000 0.4359368493330814E+0000
| 3 512 0.2048450758194762E+0001 0.5655935156519984E-0002 0.2606154788216321E-0001 0.4104474105663863E+0000
| Results: [it, calls, integral, error, chi^2, eff.]
| 1 450 0.1941644745397296E+0001 0.9662807450780598E-0002 0.0000000000000000E+0000 0.6220320278233061E+0000
| 2 450 0.1944398067529434E+0001 0.6562721763355998E-0002 0.1507097962893470E+0000 0.4234556585612884E+0000
| 3 450 0.1951651289008561E+0001 0.5503059430324767E-0002 0.2057353595066677E+0001 0.4130485702976309E+0000
| 2 1000 0.2000933475074692E+0001 0.4015463114589575E-0002 0.4257374667172311E+0000 0.4116713389938578E+0000
| Results: [it, calls, integral, error, chi^2, eff.]
| 1 512 0.1958407993944151E+0001 0.1109035643654151E-0001 0.0000000000000000E+0000 0.3466776977592448E+0000
| 2 512 0.1961945491115466E+0001 0.8245997126069438E-0002 0.2275271184900217E+0000 0.4587671103753281E+0000
| 3 512 0.1969061362015838E+0001 0.6820763503597604E-0002 0.1179017298801269E+0001 0.3519371496103845E+0000
| Results: [it, calls, integral, error, chi^2, eff.]
| 1 450 0.2033406914644253E+0001 0.1401317700689531E-0001 0.0000000000000000E+0000 0.4203519626115770E+0000
| 2 450 0.2035617351989406E+0001 0.8614450979851173E-0002 0.3999687862061868E-0001 0.5338643398732342E+0000
| 3 450 0.2033945093626726E+0001 0.7415940196308404E-0002 0.7277642051238557E-0001 0.4876968767140461E+0000
| 3 1000 0.2000531207900764E+0001 0.3161171149248757E-0002 0.1319690398994214E-0001 0.4062755698757524E+0000
| Results: [it, calls, integral, error, chi^2, eff.]
| Results: [it, calls, integral, error, chi^2, eff.]
| 1 98 0.1849446533496518E+0001 0.3520639027415026E-0001 0.0000000000000000E+0000 0.5603996367212296E+0000
| 2 98 0.1856664614267971E+0001 0.2815799051918736E-0001 0.1166561803998798E+0000 0.6444835626437050E+0000
| 3 98 0.1909771022476540E+0001 0.2203958409708045E-0001 0.4591375443033005E+0001 0.5008907518160609E+0000
| Results: [it, calls, integral, error, chi^2, eff.]
| 1 98 0.2101489141614910E+0001 0.3914442938740218E-0001 0.0000000000000000E+0000 0.5597145635927816E+0000
| 2 98 0.2076725843445644E+0001 0.2752752095121059E-0001 0.7917412053719078E+0000 0.4979510587651026E+0000
| 3 98 0.2064442419579139E+0001 0.2371457211799235E-0001 0.3861188844419968E+0000 0.4764000935453083E+0000
| 1 200 0.1986458321539004E+0001 0.1707718179930191E-0001 0.0000000000000000E+0000 0.4883337023375668E+0000
| Results: [it, calls, integral, error, chi^2, eff.]
| 1 72 0.1988837328779063E+0001 0.6272563636503850E-0001 0.0000000000000000E+0000 0.6103565080925962E+0000
| 2 72 0.1962835997258137E+0001 0.3946478957840577E-0001 0.2844169318861693E+0000 0.5632599087464386E+0000
| 3 72 0.1996449156002831E+0001 0.2347603349075990E-0001 0.5613601276666266E+0000 0.6783989717175792E+0000
| Results: [it, calls, integral, error, chi^2, eff.]
| 1 98 0.2062976094731137E+0001 0.4530687629610550E-0001 0.0000000000000000E+0000 0.6155484656501544E+0000
| 2 98 0.2100193369439405E+0001 0.2654359630735668E-0001 0.1027426463865909E+0001 0.6245155556167905E+0000
| 3 98 0.2090927793048615E+0001 0.2349276046495312E-0001 0.2811967946064758E+0000 0.5250495098960137E+0000
| 2 200 0.2015967509564927E+0001 0.1202844050591586E-0001 0.5925902650250169E+0001 0.5890509970126159E+0000
| Results: [it, calls, integral, error, chi^2, eff.]
| 1 72 0.1895500426358815E+0001 0.6228431268239584E-0001 0.0000000000000000E+0000 0.5334185377653857E+0000
| 2 72 0.1935145841744583E+0001 0.4261513453683530E-0001 0.7617746769326823E+0000 0.6369060094369142E+0000
| 3 72 0.1963422998251231E+0001 0.3592375827293096E-0001 0.7607487534595792E+0000 0.6045713264014905E+0000
| Results: [it, calls, integral, error, chi^2, eff.]
| 1 98 0.2049273518968799E+0001 0.3753260448599356E-0001 0.0000000000000000E+0000 0.6978531105759609E+0000
| 2 98 0.2045547592774603E+0001 0.2877658119646106E-0001 0.2391045789284995E-0001 0.5658510339632489E+0000
| 3 98 0.2055965505301984E+0001 0.2561980081399447E-0001 0.3160217935127053E+0000 0.4591418213869413E+0000
| 3 200 0.2014836780883535E+0001 0.1056580175968375E-0001 0.1934425310381692E-0001 0.5188075691848058E+0000
| Results: [it, calls, integral, error, chi^2, eff.]
| Results: [it, calls, integral, error, chi^2, eff.]
| 1 10000 0.2363023895598909E+0001 0.8648690561573528E-0003 0.0000000000000000E+0000 0.3306503549065605E+0000
| 2 10000 0.2364336119265645E+0001 0.6046467363635062E-0003 0.4502947988740076E+0001 0.3309834833720198E+0000
| 3 10000 0.2363492985645914E+0001 0.4983062545859113E-0003 0.3030450482842376E+0001 0.3303937624660446E+0000
| Results: [it, calls, integral, error, chi^2, eff.]
| 1 10000 0.1636001302470683E+0001 0.7137210688405572E-0003 0.0000000000000000E+0000 0.2290675638531333E+0000
| 2 10000 0.1636187899350191E+0001 0.5057427679776025E-0003 0.1372845933836268E+0000 0.2289182126481296E+0000
| 3 10000 0.1636067550865343E+0001 0.4083050510653932E-0003 0.8131211212926476E-0001 0.2289352150822955E+0000
| 1 20000 0.1999780268255628E+0001 0.2591930246819735E-0002 0.0000000000000000E+0000 0.2796741567777650E+0000
| Results: [it, calls, integral, error, chi^2, eff.]
| 1 10000 0.2028802009979433E+0001 0.6985373556834988E-0003 0.0000000000000000E+0000 0.3600316558230271E+0000
| 2 10000 0.2028604024452110E+0001 0.4949226947630033E-0003 0.1613057904661273E+0000 0.3601725533429351E+0000
| 3 10000 0.2028463714142783E+0001 0.4021707161857082E-0003 0.1183009736236368E+0000 0.3603184624285798E+0000
| Results: [it, calls, integral, error, chi^2, eff.]
| 1 7500 0.1964088338362589E+0001 0.8415011009320695E-0003 0.0000000000000000E+0000 0.3485822995665768E+0000
| 2 7500 0.1964305624276635E+0001 0.5994147534463392E-0003 0.1353487435952010E+0000 0.3488590407447310E+0000
| 3 7500 0.1964083413242463E+0001 0.4825659590999640E-0003 0.1952798760538325E+0000 0.3484767578141326E+0000
| 2 20000 0.1999475826762322E+0001 0.3797759731942906E-0003 0.1409893806603845E-0001 0.3549821910537110E+0000
| Results: [it, calls, integral, error, chi^2, eff.]
| 1 10000 0.1974129588896483E+0001 0.7396387624656286E-0003 0.0000000000000000E+0000 0.3545708415428470E+0000
| 2 10000 0.1973116142538169E+0001 0.5227598457346499E-0003 0.3751350905824030E+0001 0.3530575863488233E+0000
| 3 10000 0.1973360940354854E+0001 0.4265923376770316E-0003 0.3281930412799861E+0000 0.3531654468938701E+0000
| Results: [it, calls, integral, error, chi^2, eff.]
| 1 7500 0.2027387426423933E+0001 0.7912966728845540E-0003 0.0000000000000000E+0000 0.3626647631110044E+0000
| 2 7500 0.2026741269168759E+0001 0.5787923480355053E-0003 0.1434035460948517E+0001 0.3624884620203883E+0000
| 3 7500 0.2026810229138098E+0001 0.4706755764938980E-0003 0.2095568614784741E-0001 0.3638211365611485E+0000
| 3 20000 0.1999672726892963E+0001 0.2647825848953152E-0003 0.2615331611151251E+0000 0.3584396400447395E+0000
| Results: [it, calls, integral, error, chi^2, eff.]
| Results: [it, calls, integral, error, chi^2, eff.]
| 1 2312 0.1964245617420278E+0001 0.2187710235840714E-0002 0.0000000000000000E+0000 0.3859459696639825E+0000
| 2 2312 0.1966994033941637E+0001 0.1553372241473824E-0002 0.3183076625321527E+0001 0.3856966959973845E+0000
| 3 2312 0.1967678683948749E+0001 0.1272981092399253E-0002 0.2957443688193169E+0000 0.3842515166718581E+0000
| Results: [it, calls, integral, error, chi^2, eff.]
| 1 2592 0.2027882300396862E+0001 0.1807125029224749E-0002 0.0000000000000000E+0000 0.3937786622443801E+0000
| 2 2592 0.2026885860575520E+0001 0.1298844149210941E-0002 0.6289284422872220E+0000 0.3928630044875805E+0000
| 3 2592 0.2027402994284759E+0001 0.1056246525164319E-0002 0.2340353844732419E+0000 0.3954235509387323E+0000
| 1 5000 0.1998755273109141E+0001 0.9235557852648712E-0003 0.0000000000000000E+0000 0.3900675715628082E+0000
| Results: [it, calls, integral, error, chi^2, eff.]
| 1 2592 0.1997635212932874E+0001 0.1963078973979647E-0002 0.0000000000000000E+0000 0.3880389548111396E+0000
| 2 2592 0.1998105591310290E+0001 0.1400307479509517E-0002 0.1168922820346301E+0000 0.3890179665261972E+0000
| 3 2592 0.1999661630804737E+0001 0.1144983137125698E-0002 0.1862866090864166E+0001 0.3895092310985415E+0000
| Results: [it, calls, integral, error, chi^2, eff.]
| 1 2312 0.2001629846765368E+0001 0.2048608477151622E-0002 0.0000000000000000E+0000 0.3883665757651005E+0000
| 2 2312 0.2002492729710559E+0001 0.1457016823255713E-0002 0.3590180118656809E+0000 0.3933319820081136E+0000
| 3 2312 0.2003108507515606E+0001 0.1194270255215739E-0002 0.2721599769962313E+0000 0.3906255672388443E+0000
| 2 5000 0.2000164635873400E+0001 0.6160558163671382E-0003 0.4195554192173248E+0001 0.3900374715857742E+0000
| Results: [it, calls, integral, error, chi^2, eff.]
| 1 2450 0.1933354161583450E+0001 0.1882580664799373E-0002 0.0000000000000000E+0000 0.3796521954949348E+0000
| 2 2450 0.1933271423013944E+0001 0.1380054066210065E-0002 0.4175307899625534E-0002 0.3808125295056976E+0000
| 3 2450 0.1935665310569945E+0001 0.1136133324117648E-0002 0.4668590526852403E+0001 0.3808319521486057E+0000
| Results: [it, calls, integral, error, chi^2, eff.]
| 1 2312 0.2064824687956669E+0001 0.2238928271814991E-0002 0.0000000000000000E+0000 0.4073284926988389E+0000
| 2 2312 0.2067629987423456E+0001 0.1539234067573459E-0002 0.2976936473655658E+0001 0.4058862076539865E+0000
| 3 2312 0.2068286498724492E+0001 0.1254362026288960E-0002 0.2707952079144068E+0000 0.4090019743317935E+0000
| 3 5000 0.2000110590843605E+0001 0.5535544810431089E-0003 0.1997795572441411E-0001 0.3944229497449724E+0000
| VAMP2: set chain: use chained weights.
| Results: [it, calls, integral, error, chi^2, eff.]
| Results: [it, calls, integral, error, chi^2, eff.]
| 1 10000 0.2363023895598909E+0001 0.8648690561573528E-0003 0.0000000000000000E+0000 0.3306503549065605E+0000
| 2 10000 0.2364336119265645E+0001 0.6046467363635062E-0003 0.4502947988740076E+0001 0.3309834833720198E+0000
| 3 10000 0.2363492985645914E+0001 0.4983062545859113E-0003 0.3030450482842376E+0001 0.3303937624660446E+0000
| Results: [it, calls, integral, error, chi^2, eff.]
| 1 10000 0.1636001302470683E+0001 0.7137210688405572E-0003 0.0000000000000000E+0000 0.2290675638531333E+0000
| 2 10000 0.1636187899350191E+0001 0.5057427679776025E-0003 0.1372845933836268E+0000 0.2289182126481296E+0000
| 3 10000 0.1636067550865343E+0001 0.4083050510653932E-0003 0.8131211212926476E-0001 0.2289352150822955E+0000
| 1 20000 0.1999780268255628E+0001 0.2591930246819735E-0002 0.0000000000000000E+0000 0.2796741567777650E+0000
| Results: [it, calls, integral, error, chi^2, eff.]
| 1 10000 0.2028802009979433E+0001 0.6985373556834988E-0003 0.0000000000000000E+0000 0.3600316558230271E+0000
| 2 10000 0.2028604024452110E+0001 0.4949226947630033E-0003 0.1613057904661273E+0000 0.3601725533429351E+0000
| 3 10000 0.2028463714142783E+0001 0.4021707161857082E-0003 0.1183009736236368E+0000 0.3603184624285798E+0000
| Results: [it, calls, integral, error, chi^2, eff.]
| 1 7500 0.1964088338362589E+0001 0.8415011009320695E-0003 0.0000000000000000E+0000 0.3485822995665768E+0000
| 2 7500 0.1964305624276635E+0001 0.5994147534463392E-0003 0.1353487435952010E+0000 0.3488590407447310E+0000
| 3 7500 0.1964083413242463E+0001 0.4825659590999640E-0003 0.1952798760538325E+0000 0.3484767578141326E+0000
| 2 20000 0.1999475826762322E+0001 0.3797759731942906E-0003 0.1409893806603845E-0001 0.3549821910537110E+0000
| Results: [it, calls, integral, error, chi^2, eff.]
| 1 10000 0.1974129588896483E+0001 0.7396387624656286E-0003 0.0000000000000000E+0000 0.3545708415428470E+0000
| 2 10000 0.1973116142538169E+0001 0.5227598457346499E-0003 0.3751350905824030E+0001 0.3530575863488233E+0000
| 3 10000 0.1973360940354854E+0001 0.4265923376770316E-0003 0.3281930412799861E+0000 0.3531654468938701E+0000
| Results: [it, calls, integral, error, chi^2, eff.]
| 1 7500 0.2027387426423933E+0001 0.7912966728845540E-0003 0.0000000000000000E+0000 0.3626647631110044E+0000
| 2 7500 0.2026741269168759E+0001 0.5787923480355053E-0003 0.1434035460948517E+0001 0.3624884620203883E+0000
| 3 7500 0.2026810229138098E+0001 0.4706755764938980E-0003 0.2095568614784741E-0001 0.3638211365611485E+0000
| 3 20000 0.1999672726892963E+0001 0.2647825848953152E-0003 0.2615331611151251E+0000 0.3584396400447395E+0000
| Results: [it, calls, integral, error, chi^2, eff.]
| Results: [it, calls, integral, error, chi^2, eff.]
| 1 2312 0.1964245617420278E+0001 0.2187710235840714E-0002 0.0000000000000000E+0000 0.3859459696639825E+0000
| 2 2312 0.1966994033941637E+0001 0.1553372241473824E-0002 0.3183076625321527E+0001 0.3856966959973845E+0000
| 3 2312 0.1967678683948749E+0001 0.1272981092399253E-0002 0.2957443688193169E+0000 0.3842515166718581E+0000
| Results: [it, calls, integral, error, chi^2, eff.]
| 1 2592 0.2027882300396862E+0001 0.1807125029224749E-0002 0.0000000000000000E+0000 0.3937786622443801E+0000
| 2 2592 0.2026885860575520E+0001 0.1298844149210941E-0002 0.6289284422872220E+0000 0.3928630044875805E+0000
| 3 2592 0.2027402994284759E+0001 0.1056246525164319E-0002 0.2340353844732419E+0000 0.3954235509387323E+0000
| 1 5000 0.1998755273109141E+0001 0.9235557852648712E-0003 0.0000000000000000E+0000 0.3900675715628082E+0000
| Results: [it, calls, integral, error, chi^2, eff.]
| 1 2592 0.1997635212932874E+0001 0.1963078973979647E-0002 0.0000000000000000E+0000 0.3880389548111396E+0000
| 2 2592 0.1998105591310290E+0001 0.1400307479509517E-0002 0.1168922820346301E+0000 0.3890179665261972E+0000
| 3 2592 0.1999661630804737E+0001 0.1144983137125698E-0002 0.1862866090864166E+0001 0.3895092310985415E+0000
| Results: [it, calls, integral, error, chi^2, eff.]
| 1 2312 0.2001629846765368E+0001 0.2048608477151622E-0002 0.0000000000000000E+0000 0.3883665757651005E+0000
| 2 2312 0.2002492729710559E+0001 0.1457016823255713E-0002 0.3590180118656809E+0000 0.3933319820081136E+0000
| 3 2312 0.2003108507515606E+0001 0.1194270255215739E-0002 0.2721599769962313E+0000 0.3906255672388443E+0000
| 2 5000 0.2000164635873400E+0001 0.6160558163671382E-0003 0.4195554192173248E+0001 0.3900374715857742E+0000
| Results: [it, calls, integral, error, chi^2, eff.]
| 1 2450 0.1933354161583450E+0001 0.1882580664799373E-0002 0.0000000000000000E+0000 0.3796521954949348E+0000
| 2 2450 0.1933271423013944E+0001 0.1380054066210065E-0002 0.4175307899625534E-0002 0.3808125295056976E+0000
| 3 2450 0.1935665310569945E+0001 0.1136133324117648E-0002 0.4668590526852403E+0001 0.3808319521486057E+0000
| Results: [it, calls, integral, error, chi^2, eff.]
| 1 2312 0.2064824687956669E+0001 0.2238928271814991E-0002 0.0000000000000000E+0000 0.4073284926988389E+0000
| 2 2312 0.2067629987423456E+0001 0.1539234067573459E-0002 0.2976936473655658E+0001 0.4058862076539865E+0000
| 3 2312 0.2068286498724492E+0001 0.1254362026288960E-0002 0.2707952079144068E+0000 0.4090019743317935E+0000
| 3 5000 0.2000110590843605E+0001 0.5535544810431089E-0003 0.1997795572441411E-0001 0.3944229497449724E+0000
| Results: [it, calls, integral, error, chi^2, eff.]
| Results: [it, calls, integral, error, chi^2, eff.]
| 1 10000 0.1999999999999845E+0001 0.1045406997233797E-0009 0.0000000000000000E+0000 0.9999999999999044E+0000
| 2 10000 0.1999999999999845E+0001 0.7369978369910607E-0010 0.0000000000000000E+0000 0.9999999999999044E+0000
| 3 10000 0.1999999999999845E+0001 0.6139505915831857E-0010 0.1388980883435998E-0011 0.9999999999999044E+0000
| Results: [it, calls, integral, error, chi^2, eff.]
| 1 10000 0.1999999999999845E+0001 0.1047479163780991E-0009 0.0000000000000000E+0000 0.9999999999999044E+0000
| 2 10000 0.1999999999999845E+0001 0.7428591624434969E-0010 0.0000000000000000E+0000 0.9999999999999044E+0000
| 3 10000 0.1999999999999845E+0001 0.6117026621990981E-0010 0.1438179749485607E-0011 0.9999999999999046E+0000
| 1 20000 0.1999999999999845E+0001 0.2002083095182946E-0145 0.0000000000000000E+0000 0.9999999999999044E+0000
| Results: [it, calls, integral, error, chi^2, eff.]
| 1 10000 0.2000032635142661E+0001 0.3770423238593677E-0003 0.0000000000000000E+0000 0.2960930185845336E+0000
| 2 10000 0.2000537684522393E+0001 0.7812406290034814E-0004 0.1874757304974529E+0001 0.2961711422191368E+0000
| 3 10000 0.2000359061137893E+0001 0.6428083301679816E-0004 0.8092529302872904E+0001 0.2960859158789635E+0000
| Results: [it, calls, integral, error, chi^2, eff.]
| 1 10000 0.1999860797680234E+0001 0.1831920984041184E-0003 0.0000000000000000E+0000 0.2960675790670785E+0000
| 2 10000 0.2000053530277063E+0001 0.9307100554765637E-0004 0.1491973156629910E+0001 0.2961060391338075E+0000
| 3 10000 0.2000001076044818E+0001 0.7038066848572087E-0004 0.3709375111692092E+0000 0.2960779747570259E+0000
| 2 20000 0.1999999999999845E+0001 0.2002083095182946E-0145 0.1426535687831639E+0002 0.2960819453179947E+0000
| Results: [it, calls, integral, error, chi^2, eff.]
| 1 10000 0.1999990728234519E+0001 0.4333550710343904E-0003 0.0000000000000000E+0000 0.1233037143425897E+0000
| 2 10000 0.1999951860284494E+0001 0.2675488406198199E-0003 0.1299941898647159E-0001 0.1232998420492271E+0000
| 3 10000 0.1999967751392227E+0001 0.2308092470447038E-0003 0.6896083158159164E-0002 0.1233051483487878E+0000
| Results: [it, calls, integral, error, chi^2, eff.]
| 1 10000 0.1999699078707612E+0001 0.4450414533902266E-0003 0.0000000000000000E+0000 0.1232857335242177E+0000
| 2 10000 0.1999611330526541E+0001 0.2634404441126144E-0003 0.5984518717465557E-0001 0.1232774055339176E+0000
| 3 10000 0.1999956150926923E+0001 0.2065671599116585E-0003 0.2224040625169583E+0001 0.1233355177837381E+0000
| 3 20000 0.1999999999999845E+0001 0.2002083095182946E-0145 0.3017866209589870E-0001 0.1233203330662629E+0000
| Results: [it, calls, integral, error, chi^2, eff.]
| Results: [it, calls, integral, error, chi^2, eff.]
| 1 2500 0.2002636867361043E+0001 0.1026180709699002E-0002 0.0000000000000000E+0000 0.5651721120727880E-0001
| 2 2500 0.2002490422723124E+0001 0.1010544741523215E-0002 0.6734256914994277E+0000 0.5638054668119286E-0001
| 3 2500 0.2003312976059102E+0001 0.8420230217929242E-0003 0.1083597901916442E+0001 0.5658900584898315E-0001
| Results: [it, calls, integral, error, chi^2, eff.]
| 1 2500 0.1994109885492385E+0001 0.1010370935676845E-0002 0.0000000000000000E+0000 0.5627656360924448E-0001
| 2 2500 0.1993073474776183E+0001 0.6597446776298089E-0003 0.1834310350566813E+0001 0.5622557409707352E-0001
| 3 2500 0.1993159837904902E+0001 0.6556041250627286E-0003 0.6847428443974236E+0000 0.5644210145088663E-0001
| 1 5000 0.1998236406982002E+0001 0.5383857240895891E-0003 0.0000000000000000E+0000 0.5651555364997407E-0001
| Results: [it, calls, integral, error, chi^2, eff.]
| 1 2500 0.2004805282325979E+0001 0.2132641114088230E-0002 0.0000000000000000E+0000 0.5657840262330237E-0001
| 2 2500 0.2004478273117686E+0001 0.1462687261809682E-0002 0.4439525075009661E-0001 0.5656097692764021E-0001
| 3 2500 0.2004570904403593E+0001 0.1171317711961145E-0002 0.5590165126154449E-0002 0.5657646202948091E-0001
| Results: [it, calls, integral, error, chi^2, eff.]
| 1 2500 0.2003903273225930E+0001 0.8196667365414729E-0003 0.0000000000000000E+0000 0.5655296106262813E-0001
| 2 2500 0.2003826536184647E+0001 0.8120344979692426E-0003 0.4728436065050600E+0000 0.5643611364478490E-0001
| 3 2500 0.2003722110165557E+0001 0.8045322951427748E-0003 0.4495779409644020E+0000 0.5639054738825503E-0001
| 2 5000 0.2000392033375346E+0001 0.4291119955468977E-0003 0.4395226624238879E+0002 0.5648350470839638E-0001
| Results: [it, calls, integral, error, chi^2, eff.]
| 1 2500 0.2006544700757851E+0001 0.1075532142055290E-0002 0.0000000000000000E+0000 0.5662749142930864E-0001
| 2 2500 0.2006156805459292E+0001 0.1054622186071727E-0002 0.3378040437888827E+0001 0.5634319227965968E-0001
| 3 2500 0.2006104787783649E+0001 0.7440327706303023E-0003 0.2421795002697713E-0002 0.5661362175076066E-0001
| Results: [it, calls, integral, error, chi^2, eff.]
| 1 2500 0.1993239012459388E+0001 0.1363634728219035E-0002 0.0000000000000000E+0000 0.5625198633716292E-0001
| 2 2500 0.1993575784395611E+0001 0.1321745095280824E-0002 0.1008229757470442E+0001 0.5640909431566596E-0001
| 3 2500 0.1993794618537229E+0001 0.1287836625422571E-0002 0.2705958115017337E+0000 0.5638342031749799E-0001
| 3 5000 0.2000282667306541E+0001 0.3723026155741919E-0003 0.1313584157608870E+0000 0.5649852103412960E-0001
