 =========> VEGAS           1           0
 =========> VEGAS           1           0
 =========> VEGAS           1           0
 =========> VEGAS           1           0
 =========> VEGAS           1           0
 =========> VEGAS           1           0
 =========> VEGAS           1           0
| Results: [it, calls, integral, error, chi^2, eff.]
| 1 20000 0.1000016864903364E+0001 0.1161551657906630E-0004 0.0000000000000000E+0000 0.8862419525763045E-0001
| 2 20000 0.1000001610281489E+0001 0.1142037613571760E-0005 0.1741584325494633E+0001 0.3977295737866648E+0000
| 3 20000 0.1000000078651530E+0001 0.8752149809013961E-0006 0.2179188318407710E+0001 0.2445826533719365E+0000
 =========> VEGAS           1           0
| Results: [it, calls, integral, error, chi^2, eff.]
| 1 2000 0.1000006816233336E+0001 0.3781282936007683E-0004 0.0000000000000000E+0000 0.2146902579226058E+0000
| 2 2000 0.9999753061898535E+0000 0.2811517814017370E-0004 0.1552964377924305E+0001 0.2347717037274155E+0000
| 3 2000 0.9999706311984190E+0000 0.2255619310143224E-0004 0.3879479676365331E-0001 0.2322231428846354E+0000
 =========> VEGAS           1           0
| Results: [it, calls, integral, error, chi^2, eff.]
| 1 2000 0.9973078921978555E+0000 0.2194854349785467E-0002 0.0000000000000000E+0000 0.2010930729405384E+0000
| 2 2000 0.9995088174665371E+0000 0.1646787426436850E-0002 0.2300700755218379E+0001 0.5637946612912158E+0000
| 3 2000 0.9993871733877809E+0000 0.1374727029133709E-0002 0.9000402828698665E-0002 0.7611181136179126E+0000
 =========> VEGAS           1           0
| Results: [it, calls, integral, error, chi^2, eff.]
| 1 18522 0.1000250368142122E+0001 0.7570399857340686E-0003 0.0000000000000000E+0000 0.7126192330365551E+0000
| 2 18522 0.1000791751449892E+0001 0.5497813016864933E-0003 0.1082133360393156E+0001 0.5838674647971730E+0000
| 3 18522 0.1000175299326341E+0001 0.4636837450299507E-0003 0.2177554876455899E+0001 0.5086225096843817E+0000
